2026-05-07 10:12:05.389 DEBUG [main] com.example.MathUtils - isPrime(13) = true
2026-05-07 10:12:05.404 ERROR [main] com.example.MathUtils - factorial() called with negative input: -1
2026-05-07 10:12:05.406 DEBUG [main] com.example.MathUtils - factorial(0) = 1
2026-05-07 10:12:05.410 DEBUG [main] com.example.MathUtils - factorial(6) = 720
2026-05-07 10:12:05.414 DEBUG [main] com.example.MathUtils - isEven(8) = true
2026-05-07 10:12:05.415 DEBUG [main] com.example.MathUtils - isEven(0) = true
2026-05-07 10:12:05.417 DEBUG [main] com.example.MathUtils - isEven(7) = false
2026-05-07 10:12:05.421 ERROR [main] com.example.MathUtils - Division by zero attempted: 10.0 / 0.0
2026-05-07 10:12:05.424 DEBUG [main] com.example.MathUtils - divide(1.0, 2.0) = 0.5
2026-05-07 10:12:05.437 DEBUG [main] com.example.MathUtils - divide(15.0, 4.0) = 3.75
2026-05-07 10:12:05.443 DEBUG [main] com.example.MathUtils - multiply(6, 7) = 42
2026-05-07 10:12:05.445 DEBUG [main] com.example.MathUtils - multiply(999, 0) = 0
2026-05-07 10:12:05.451 DEBUG [main] com.example.MathUtils - subtract(10, 4) = 6
2026-05-07 10:12:05.454 DEBUG [main] com.example.MathUtils - subtract(2, 5) = -3
2026-05-07 10:12:05.459 DEBUG [main] com.example.MathUtils - add(7, 0) = 7
2026-05-07 10:12:05.463 DEBUG [main] com.example.MathUtils - add(3, -5) = -2
2026-05-07 10:12:05.465 DEBUG [main] com.example.MathUtils - add(3, 5) = 8
2026-05-07 10:22:14.473 DEBUG [main] com.example.MathUtils - isPrime(13) = true
2026-05-07 10:22:14.491 ERROR [main] com.example.MathUtils - factorial() called with negative input: -1
2026-05-07 10:22:14.494 DEBUG [main] com.example.MathUtils - factorial(0) = 1
2026-05-07 10:22:14.497 DEBUG [main] com.example.MathUtils - factorial(6) = 720
2026-05-07 10:22:14.502 DEBUG [main] com.example.MathUtils - isEven(8) = true
2026-05-07 10:22:14.505 DEBUG [main] com.example.MathUtils - isEven(0) = true
2026-05-07 10:22:14.507 DEBUG [main] com.example.MathUtils - isEven(7) = false
2026-05-07 10:22:14.512 ERROR [main] com.example.MathUtils - Division by zero attempted: 10.0 / 0.0
2026-05-07 10:22:14.514 DEBUG [main] com.example.MathUtils - divide(1.0, 2.0) = 0.5
2026-05-07 10:22:14.517 DEBUG [main] com.example.MathUtils - divide(15.0, 4.0) = 3.75
2026-05-07 10:22:14.521 DEBUG [main] com.example.MathUtils - multiply(6, 7) = 42
2026-05-07 10:22:14.524 DEBUG [main] com.example.MathUtils - multiply(999, 0) = 0
2026-05-07 10:22:14.529 DEBUG [main] com.example.MathUtils - subtract(10, 4) = 6
2026-05-07 10:22:14.532 DEBUG [main] com.example.MathUtils - subtract(2, 5) = -3
2026-05-07 10:22:14.537 DEBUG [main] com.example.MathUtils - add(7, 0) = 7
2026-05-07 10:22:14.541 DEBUG [main] com.example.MathUtils - add(3, -5) = -2
2026-05-07 10:22:14.542 DEBUG [main] com.example.MathUtils - add(3, 5) = 8
