2026-05-07 10:36:42.602 INFO  [main] com.example.bank.BankAccount - Account created: id=D7357AEF, holder=TestUser
2026-05-07 10:36:42.605 INFO  [main] com.example.bank.BankAccount - Initial balance applied: accountId=D7357AEF, balance=500.0
2026-05-07 10:36:42.627 INFO  [main] com.example.bank.BankAccount - Account created: id=63C4EDD8, holder=TestUser
2026-05-07 10:36:42.627 INFO  [main] com.example.bank.BankAccount - Initial balance applied: accountId=63C4EDD8, balance=500.0
2026-05-07 10:36:42.629 INFO  [main] com.example.bank.BankAccount - Deposit OK: accountId=63C4EDD8, amount=100.0, newBalance=600.0
2026-05-07 10:36:42.629 DEBUG [main] com.example.bank.BankAccount - Transaction recorded: [2026-05-07T10:36:42.629610400] DEPOSIT 100.00 - Deposit by TestUser
2026-05-07 10:36:42.677 INFO  [main] com.example.bank.BankAccount - Withdrawal OK: accountId=63C4EDD8, amount=50.0, newBalance=550.0
2026-05-07 10:36:42.677 DEBUG [main] com.example.bank.BankAccount - Transaction recorded: [2026-05-07T10:36:42.677541500] WITHDRAWAL 50.00 - Withdrawal by TestUser
2026-05-07 10:36:42.681 INFO  [main] com.example.bank.BankAccount - Account created: id=B6EE4377, holder=TestUser
2026-05-07 10:36:42.682 INFO  [main] com.example.bank.BankAccount - Initial balance applied: accountId=B6EE4377, balance=500.0
2026-05-07 10:36:42.691 INFO  [main] com.example.bank.BankAccount - Account created: id=0DFD3BF0, holder=TestUser
2026-05-07 10:36:42.691 INFO  [main] com.example.bank.BankAccount - Initial balance applied: accountId=0DFD3BF0, balance=500.0
2026-05-07 10:36:42.691 WARN  [main] com.example.bank.BankAccount - Withdrawal rejected: insufficient funds. requested=9999.0, balance=500.0, id=0DFD3BF0
2026-05-07 10:36:42.695 INFO  [main] com.example.bank.BankAccount - Account created: id=0DEE4CEF, holder=TestUser
2026-05-07 10:36:42.695 INFO  [main] com.example.bank.BankAccount - Initial balance applied: accountId=0DEE4CEF, balance=500.0
2026-05-07 10:36:42.697 INFO  [main] com.example.bank.BankAccount - Withdrawal OK: accountId=0DEE4CEF, amount=100.0, newBalance=400.0
2026-05-07 10:36:42.697 DEBUG [main] com.example.bank.BankAccount - Transaction recorded: [2026-05-07T10:36:42.697284500] WITHDRAWAL 100.00 - Withdrawal by TestUser
2026-05-07 10:36:42.697 DEBUG [main] com.example.bank.BankAccount - Balance queried: accountId=0DEE4CEF, balance=400.0
2026-05-07 10:36:42.697 INFO  [main] com.example.bank.BankAccount - Account created: id=0A6C28F3, holder=TestUser
2026-05-07 10:36:42.697 INFO  [main] com.example.bank.BankAccount - Initial balance applied: accountId=0A6C28F3, balance=500.0
2026-05-07 10:36:42.701 WARN  [main] com.example.bank.BankAccount - Withdrawal rejected: non-positive amount=0.0, accountId=0A6C28F3
2026-05-07 10:36:42.705 INFO  [main] com.example.bank.BankAccount - Account created: id=847E4C81, holder=TestUser
2026-05-07 10:36:42.705 INFO  [main] com.example.bank.BankAccount - Initial balance applied: accountId=847E4C81, balance=500.0
2026-05-07 10:36:42.705 INFO  [main] com.example.bank.BankAccount - Withdrawal OK: accountId=847E4C81, amount=500.0, newBalance=0.0
2026-05-07 10:36:42.705 DEBUG [main] com.example.bank.BankAccount - Transaction recorded: [2026-05-07T10:36:42.705161200] WITHDRAWAL 500.00 - Withdrawal by TestUser
2026-05-07 10:36:42.706 DEBUG [main] com.example.bank.BankAccount - Balance queried: accountId=847E4C81, balance=0.0
2026-05-07 10:36:42.711 INFO  [main] com.example.bank.BankAccount - Account created: id=E90CE093, holder=TestUser
2026-05-07 10:36:42.711 INFO  [main] com.example.bank.BankAccount - Initial balance applied: accountId=E90CE093, balance=500.0
2026-05-07 10:36:42.711 WARN  [main] com.example.bank.BankAccount - Deposit rejected: non-positive amount=0.0, accountId=E90CE093
2026-05-07 10:36:42.714 INFO  [main] com.example.bank.BankAccount - Account created: id=DD80783A, holder=TestUser
2026-05-07 10:36:42.714 INFO  [main] com.example.bank.BankAccount - Initial balance applied: accountId=DD80783A, balance=500.0
2026-05-07 10:36:42.715 INFO  [main] com.example.bank.BankAccount - Deposit OK: accountId=DD80783A, amount=200.0, newBalance=700.0
2026-05-07 10:36:42.715 DEBUG [main] com.example.bank.BankAccount - Transaction recorded: [2026-05-07T10:36:42.715713400] DEPOSIT 200.00 - Deposit by TestUser
2026-05-07 10:36:42.715 DEBUG [main] com.example.bank.BankAccount - Balance queried: accountId=DD80783A, balance=700.0
2026-05-07 10:36:42.718 INFO  [main] com.example.bank.BankAccount - Account created: id=A6E23641, holder=TestUser
2026-05-07 10:36:42.719 INFO  [main] com.example.bank.BankAccount - Initial balance applied: accountId=A6E23641, balance=500.0
2026-05-07 10:36:42.720 INFO  [main] com.example.bank.BankAccount - Deposit OK: accountId=A6E23641, amount=100.0, newBalance=600.0
2026-05-07 10:36:42.720 DEBUG [main] com.example.bank.BankAccount - Transaction recorded: [2026-05-07T10:36:42.720118800] DEPOSIT 100.00 - Deposit by TestUser
2026-05-07 10:36:42.721 INFO  [main] com.example.bank.BankAccount - Account created: id=FA3475FA, holder=TestUser
2026-05-07 10:36:42.721 INFO  [main] com.example.bank.BankAccount - Initial balance applied: accountId=FA3475FA, balance=500.0
2026-05-07 10:36:42.721 WARN  [main] com.example.bank.BankAccount - Deposit rejected: non-positive amount=-50.0, accountId=FA3475FA
2026-05-07 10:36:42.727 INFO  [main] com.example.bank.BankAccount - Account created: id=E432494B, holder=TestUser
2026-05-07 10:36:42.729 INFO  [main] com.example.bank.BankAccount - Initial balance applied: accountId=E432494B, balance=500.0
2026-05-07 10:36:42.730 INFO  [main] com.example.bank.BankAccount - Account created: id=D2DF9E14, holder=Bad
2026-05-07 10:36:42.730 ERROR [main] com.example.bank.BankAccount - Account creation rejected: negative initialBalance=-100.0 for holder=Bad
2026-05-07 10:36:42.731 INFO  [main] com.example.bank.BankAccount - Account created: id=E384F5DE, holder=TestUser
2026-05-07 10:36:42.733 INFO  [main] com.example.bank.BankAccount - Initial balance applied: accountId=E384F5DE, balance=500.0
2026-05-07 10:36:42.733 INFO  [main] com.example.bank.BankAccount - Account created: id=A1A3BDD4, holder=Empty
2026-05-07 10:36:42.733 DEBUG [main] com.example.bank.BankAccount - Balance queried: accountId=A1A3BDD4, balance=0.0
2026-05-07 10:36:42.736 INFO  [main] com.example.bank.BankAccount - Account created: id=0BAEAA51, holder=TestUser
2026-05-07 10:36:42.737 INFO  [main] com.example.bank.BankAccount - Initial balance applied: accountId=0BAEAA51, balance=500.0
2026-05-07 10:36:42.737 DEBUG [main] com.example.bank.BankAccount - Balance queried: accountId=0BAEAA51, balance=500.0
2026-05-07 10:36:42.747 INFO  [main] com.example.bank.BankAccount - Account created: id=E1090333, holder=Alice
2026-05-07 10:36:42.748 INFO  [main] com.example.bank.BankAccount - Initial balance applied: accountId=E1090333, balance=1000.0
2026-05-07 10:36:42.748 INFO  [main] com.example.bank.BankAccount - Account created: id=AA3AA585, holder=Bob
2026-05-07 10:36:42.749 INFO  [main] com.example.bank.BankAccount - Initial balance applied: accountId=AA3AA585, balance=200.0
2026-05-07 10:36:42.749 INFO  [main] com.example.bank.BankAccount - Account created: id=94E81438, holder=Empty
2026-05-07 10:36:42.749 INFO  [main] com.example.bank.BankService - === Statement for Empty (id=94E81438) ===
2026-05-07 10:36:42.749 INFO  [main] com.example.bank.BankService -   No transactions recorded.
2026-05-07 10:36:42.750 DEBUG [main] com.example.bank.BankAccount - Balance queried: accountId=94E81438, balance=0.0
2026-05-07 10:36:42.750 INFO  [main] com.example.bank.BankService -   Current balance: 0.0
2026-05-07 10:36:42.751 INFO  [main] com.example.bank.BankAccount - Account created: id=108C274C, holder=Alice
2026-05-07 10:36:42.753 INFO  [main] com.example.bank.BankAccount - Initial balance applied: accountId=108C274C, balance=1000.0
2026-05-07 10:36:42.754 INFO  [main] com.example.bank.BankAccount - Account created: id=CD62FCBA, holder=Bob
2026-05-07 10:36:42.754 INFO  [main] com.example.bank.BankAccount - Initial balance applied: accountId=CD62FCBA, balance=200.0
2026-05-07 10:36:42.755 WARN  [main] com.example.bank.BankService - Transfer rejected: non-positive amount=0.0
2026-05-07 10:36:42.757 INFO  [main] com.example.bank.BankAccount - Account created: id=A2506828, holder=Alice
2026-05-07 10:36:42.757 INFO  [main] com.example.bank.BankAccount - Initial balance applied: accountId=A2506828, balance=1000.0
2026-05-07 10:36:42.757 INFO  [main] com.example.bank.BankAccount - Account created: id=35879868, holder=Bob
2026-05-07 10:36:42.759 INFO  [main] com.example.bank.BankAccount - Initial balance applied: accountId=35879868, balance=200.0
2026-05-07 10:36:42.759 INFO  [main] com.example.bank.BankService - Transfer initiated: from=A2506828, to=35879868, amount=300.0
2026-05-07 10:36:42.759 INFO  [main] com.example.bank.BankAccount - Withdrawal OK: accountId=A2506828, amount=300.0, newBalance=700.0
2026-05-07 10:36:42.759 DEBUG [main] com.example.bank.BankAccount - Transaction recorded: [2026-05-07T10:36:42.759893200] WITHDRAWAL 300.00 - Withdrawal by Alice
2026-05-07 10:36:42.759 INFO  [main] com.example.bank.BankAccount - Deposit OK: accountId=35879868, amount=300.0, newBalance=500.0
2026-05-07 10:36:42.759 DEBUG [main] com.example.bank.BankAccount - Transaction recorded: [2026-05-07T10:36:42.759893200] DEPOSIT 300.00 - Deposit by Bob
2026-05-07 10:36:42.759 INFO  [main] com.example.bank.BankService - Transfer complete: from=A2506828, to=35879868, amount=300.0
2026-05-07 10:36:42.759 DEBUG [main] com.example.bank.BankAccount - Balance queried: accountId=A2506828, balance=700.0
2026-05-07 10:36:42.761 DEBUG [main] com.example.bank.BankAccount - Balance queried: accountId=35879868, balance=500.0
2026-05-07 10:36:42.761 INFO  [main] com.example.bank.BankAccount - Account created: id=023487CD, holder=Alice
2026-05-07 10:36:42.761 INFO  [main] com.example.bank.BankAccount - Initial balance applied: accountId=023487CD, balance=1000.0
2026-05-07 10:36:42.761 INFO  [main] com.example.bank.BankAccount - Account created: id=7738EB98, holder=Bob
2026-05-07 10:36:42.761 INFO  [main] com.example.bank.BankAccount - Initial balance applied: accountId=7738EB98, balance=200.0
2026-05-07 10:36:42.761 INFO  [main] com.example.bank.BankService - Transfer initiated: from=023487CD, to=7738EB98, amount=9999.0
2026-05-07 10:36:42.761 WARN  [main] com.example.bank.BankAccount - Withdrawal rejected: insufficient funds. requested=9999.0, balance=1000.0, id=023487CD
2026-05-07 10:36:42.765 INFO  [main] com.example.bank.BankAccount - Account created: id=D2DA2A10, holder=Alice
2026-05-07 10:36:42.765 INFO  [main] com.example.bank.BankAccount - Initial balance applied: accountId=D2DA2A10, balance=1000.0
2026-05-07 10:36:42.765 INFO  [main] com.example.bank.BankAccount - Account created: id=C2362BE1, holder=Bob
2026-05-07 10:36:42.765 INFO  [main] com.example.bank.BankAccount - Initial balance applied: accountId=C2362BE1, balance=200.0
2026-05-07 10:36:42.765 WARN  [main] com.example.bank.BankService - Transfer rejected: non-positive amount=-10.0
2026-05-07 10:36:42.768 INFO  [main] com.example.bank.BankAccount - Account created: id=508F5FA2, holder=Alice
2026-05-07 10:36:42.768 INFO  [main] com.example.bank.BankAccount - Initial balance applied: accountId=508F5FA2, balance=1000.0
2026-05-07 10:36:42.768 INFO  [main] com.example.bank.BankAccount - Account created: id=454C772D, holder=Bob
2026-05-07 10:36:42.768 INFO  [main] com.example.bank.BankAccount - Initial balance applied: accountId=454C772D, balance=200.0
2026-05-07 10:36:42.769 INFO  [main] com.example.bank.BankAccount - Deposit OK: accountId=508F5FA2, amount=100.0, newBalance=1100.0
2026-05-07 10:36:42.769 DEBUG [main] com.example.bank.BankAccount - Transaction recorded: [2026-05-07T10:36:42.769823100] DEPOSIT 100.00 - Deposit by Alice
2026-05-07 10:36:42.770 INFO  [main] com.example.bank.BankAccount - Withdrawal OK: accountId=508F5FA2, amount=50.0, newBalance=1050.0
2026-05-07 10:36:42.770 DEBUG [main] com.example.bank.BankAccount - Transaction recorded: [2026-05-07T10:36:42.770349] WITHDRAWAL 50.00 - Withdrawal by Alice
2026-05-07 10:36:42.770 INFO  [main] com.example.bank.BankService - === Statement for Alice (id=508F5FA2) ===
2026-05-07 10:36:42.770 INFO  [main] com.example.bank.BankService -   [2026-05-07T10:36:42.769823100] DEPOSIT 100.00 - Deposit by Alice
2026-05-07 10:36:42.770 INFO  [main] com.example.bank.BankService -   [2026-05-07T10:36:42.770349] WITHDRAWAL 50.00 - Withdrawal by Alice
2026-05-07 10:36:42.770 DEBUG [main] com.example.bank.BankAccount - Balance queried: accountId=508F5FA2, balance=1050.0
2026-05-07 10:36:42.771 INFO  [main] com.example.bank.BankService -   Current balance: 1050.0
